<?xml version="1.0" encoding="UTF-8"?>
<!-- Generated by org.testng.reporters.JUnitXMLReporter -->
<testsuite hostname="fareeha" ignored="0" name="Default test" tests="3" failures="0" timestamp="10 Apr 2019 10:41:49 GMT" time="0.042" errors="0">
  <testcase name="div" time="0.012" classname="com.qa.tests.DemoTest2"/>
  <testcase name="mul" time="0.001" classname="com.qa.tests.DemoTest2"/>
  <testcase name="sum" time="0.001" classname="com.qa.tests.DemoTest2"/>
</testsuite> <!-- Default test -->
