<?xml version="1.0" encoding="UTF-8"?>
<testng-results skipped="0" failed="0" ignored="0" total="3" passed="3">
  <reporter-output>
  </reporter-output>
  <suite name="Default suite" duration-ms="42" started-at="2019-04-10T10:41:49Z" finished-at="2019-04-10T10:41:49Z">
    <groups>
    </groups>
    <test name="Default test" duration-ms="42" started-at="2019-04-10T10:41:49Z" finished-at="2019-04-10T10:41:49Z">
      <class name="com.qa.tests.DemoTest2">
        <test-method status="PASS" signature="div()[pri:0, instance:com.qa.tests.DemoTest2@36d4b5c]" name="div" duration-ms="12" started-at="2019-04-10T14:41:49Z" finished-at="2019-04-10T14:41:49Z">
          <reporter-output>
          </reporter-output>
        </test-method> <!-- div -->
        <test-method status="PASS" signature="mul()[pri:0, instance:com.qa.tests.DemoTest2@36d4b5c]" name="mul" duration-ms="1" started-at="2019-04-10T14:41:49Z" finished-at="2019-04-10T14:41:49Z">
          <reporter-output>
          </reporter-output>
        </test-method> <!-- mul -->
        <test-method status="PASS" signature="sum()[pri:0, instance:com.qa.tests.DemoTest2@36d4b5c]" name="sum" duration-ms="1" started-at="2019-04-10T14:41:49Z" finished-at="2019-04-10T14:41:49Z">
          <reporter-output>
          </reporter-output>
        </test-method> <!-- sum -->
      </class> <!-- com.qa.tests.DemoTest2 -->
    </test> <!-- Default test -->
  </suite> <!-- Default suite -->
</testng-results>
